# vsim -debugDB -l reg_int_chk.log -voptargs="+access" -assertdebug -c test_bench -do "log -r /*;run -all;" 
# Start time: 00:45:32 on Apr 17,2025
# ** Note: (vsim-3812) Design is being optimized...
# ** Note: (vsim-8611) Generating debug db.
# ** Warning: (vopt-4308) Enabling visibility using +acc is recommended with debug flow.
# ** Note: (vsim-12126) Error and warning message counts have been restored: Errors=0, Warnings=1.
# //  Questa Intel Starter FPGA Edition-64
# //  Version 2023.3 linux_x86_64 Jul 17 2023
# //
# //  Copyright 1991-2023 Mentor Graphics Corporation
# //  All Rights Reserved.
# //
# //  QuestaSim and its associated documentation contain trade
# //  secrets and commercial or financial information that are the property of
# //  Mentor Graphics Corporation and are privileged, confidential,
# //  and exempt from disclosure under the Freedom of Information Act,
# //  5 U.S.C. Section 552. Furthermore, this information
# //  is prohibited from disclosure under the Trade Secrets Act,
# //  18 U.S.C. Section 1905.
# //
# Loading sv_std.std
# Loading work.test_bench(fast)
# Loading work.cnt_top(fast)
# Loading work.regset(fast)
# Loading work.counter(fast)
# ** Note: (vsim-8900) Creating design debug database vsim.dbg.
# log -r /*
# run -all
# ====================================
# ==== Case 1: check reset value =====
# ====================================
# [INFO] RO check task
# ------------------------------------------------
# t=       126 PASS: rdata = 00000000 at addr 004 is correct
# ------------------------------------------------
# [INFO] RO check task
# ------------------------------------------------
# t=       226 PASS: rdata = 00000000 at addr 000 is correct
# ------------------------------------------------
# Test_result PASSED
# ** Note: $finish    : ../tb/test_bench.v(96)
#    Time: 375 ns  Iteration: 0  Instance: /test_bench
# End time: 00:45:33 on Apr 17,2025, Elapsed time: 0:00:01
# Errors: 0, Warnings: 1
