# vsim -coverage -l tier_check.log -c test_bench -voptargs="+cover=bcesft" -assertdebug -do "coverage save -onexit tier_check.ucdb; log -r /*;run -all" 
# Start time: 18:04:29 on Apr 23,2025
# ** Note: (vsim-3813) Design is being optimized due to module recompilation...
# //  Questa Intel Starter FPGA Edition-64
# //  Version 2023.3 linux_x86_64 Jul 17 2023
# //
# //  Copyright 1991-2023 Mentor Graphics Corporation
# //  All Rights Reserved.
# //
# //  QuestaSim and its associated documentation contain trade
# //  secrets and commercial or financial information that are the property of
# //  Mentor Graphics Corporation and are privileged, confidential,
# //  and exempt from disclosure under the Freedom of Information Act,
# //  5 U.S.C. Section 552. Furthermore, this information
# //  is prohibited from disclosure under the Trade Secrets Act,
# //  18 U.S.C. Section 1905.
# //
# Loading sv_std.std
# Loading work.test_bench(fast)
# coverage save -onexit tier_check.ucdb
#  log -r /*
# run -all
# 
# =====================================================================
# ===============================TIER CHECK===============================
# =====================================================================
# 
# 
# ******************** TIER ********************
# ***** Reset value check *****
# t=        124 [READ]  : addr=014 rdata=00000000
# t=        124 ==> PASS: addr=014 Exp=  00000000  Actual=00000000
# ***** R/W access *****
# -------------------------------------------------------------------
# t=        124 [WRITE] : addr=014 wdata=00000000 pstrb=4'b1111
# t=        172 [READ]  : addr=014 rdata=00000000
# t=        172 ==> PASS: addr=014 Exp=  00000000  Actual=00000000
# -------------------------------------------------------------------
# t=        172 [WRITE] : addr=014 wdata=55555555 pstrb=4'b1111
# t=        220 [READ]  : addr=014 rdata=00000001
# t=        220 ==> PASS: addr=014 Exp=  00000001  Actual=00000001
# -------------------------------------------------------------------
# t=        220 [WRITE] : addr=014 wdata=54454554 pstrb=4'b1111
# t=        268 [READ]  : addr=014 rdata=00000000
# t=        268 ==> PASS: addr=014 Exp=  00000000  Actual=00000000
# -------------------------------------------------------------------
# t=        268 [WRITE] : addr=014 wdata=54454554 pstrb=4'b0000
# t=        316 [READ]  : addr=014 rdata=00000000
# t=        316 ==> PASS: addr=014 Exp=  00000000  Actual=00000000
# ***** Reserved bit access *****
# -------------------------------------------------------------------
# t=        316 [WRITE] : addr=014 wdata=ffffffff pstrb=4'b1111
# t=        364 [READ]  : addr=014 rdata=00000001
# t=        364 ==> PASS: addr=014 Exp=  00000001  Actual=00000001
# 
# =================================END=================================
# 
# Test_result PASSED
# ** Note: $finish    : ../tb/test_bench.v(68)
#    Time: 1364 ns  Iteration: 0  Instance: /test_bench
# Saving coverage database on exit...
# End time: 18:04:29 on Apr 23,2025, Elapsed time: 0:00:00
# Errors: 0, Warnings: 0
